<?xml version="1.0" encoding="UTF-8"?>
<testsuite xmlns:xsi="http://www.w3.org/2001/XMLSchema-instance" xsi:noNamespaceSchemaLocation="https://maven.apache.org/surefire/maven-surefire-plugin/xsd/surefire-test-report-3.0.xsd" version="3.0" name="io.sinaq.examples.QuickStartExample" time="0.157" tests="3" errors="0" skipped="0" failures="0">
  <properties>
[...]
</properties>
  <testcase name="extractFromJson" classname="io.sinaq.examples.QuickStartExample" time="0.119"/>
  <testcase name="getWithQueryParam" classname="io.sinaq.examples.QuickStartExample" time="0.002"/>
  <testcase name="postWithBearerAndBody" classname="io.sinaq.examples.QuickStartExample" time="0.005"/>
</testsuite>