<?xml version="1.0" encoding="UTF-8"?>
<testsuite xmlns:xsi="http://www.w3.org/2001/XMLSchema-instance" xsi:noNamespaceSchemaLocation="https://maven.apache.org/surefire/maven-failsafe-plugin/xsd/failsafe-test-report-3.0.xsd" version="3.0" name="io.sinaq.it.JdkEngineIT" time="0.341" tests="12" errors="0" skipped="0" failures="0">
  <properties>
[...]
</properties>
  <testcase name="multipartUpload" classname="io.sinaq.it.JdkEngineIT" time="0.031"/>
  <testcase name="retryOnConfiguredStatus" classname="io.sinaq.it.JdkEngineIT" time="0.028"/>
  <testcase name="pollingUntilReady" classname="io.sinaq.it.JdkEngineIT" time="0.001"/>
  <testcase name="pathParamsAndExtraction" classname="io.sinaq.it.JdkEngineIT" time="0.001"/>
  <testcase name="queryParamsBodyAndAuth" classname="io.sinaq.it.JdkEngineIT" time="0.001"/>
  <testcase name="allVerbsWork" classname="io.sinaq.it.JdkEngineIT" time="0.003"/>
  <testcase name="readTimeoutIsMapped" classname="io.sinaq.it.JdkEngineIT" time="0.202"/>
  <testcase name="fluentAssertionsPassAndFail" classname="io.sinaq.it.JdkEngineIT" time="0.002"/>
  <testcase name="hundredParallelRequestsNoCrossTalk" classname="io.sinaq.it.JdkEngineIT" time="0.014"/>
  <testcase name="graphqlQuery" classname="io.sinaq.it.JdkEngineIT" time="0.001"/>
  <testcase name="fiveHundredParallelRequestsNoCrossTalk" classname="io.sinaq.it.JdkEngineIT" time="0.052"/>
  <testcase name="advancedAssertions" classname="io.sinaq.it.JdkEngineIT" time="0.002"/>
</testsuite>